<?xml version="1.0" encoding="UTF-8"?>
<!-- Generated by org.testng.reporters.JUnitXMLReporter -->
<testsuite hostname="DESKTOP-LVOD7TK" name="Validating title" tests="1" failures="1" timestamp="11 Nov 2020 05:32:09 GMT" time="42.348" errors="0">
  <testcase name="validateTitle" time="0.087" classname="Academy.ValidateTittleTest">
    <failure type="java.lang.AssertionError" message="expected [FEATURED COURSES1234] but found [FEATURED COURSES]">
      <![CDATA[java.lang.AssertionError: expected [FEATURED COURSES1234] but found [FEATURED COURSES]
	at Academy.ValidateTittleTest.validateTitle(ValidateTittleTest.java:35)
	at java.util.concurrent.FutureTask.run(FutureTask.java:266)
	at java.util.concurrent.ThreadPoolExecutor.runWorker(ThreadPoolExecutor.java:1149)
	at java.util.concurrent.ThreadPoolExecutor$Worker.run(ThreadPoolExecutor.java:624)
	at java.lang.Thread.run(Thread.java:748)
... Removed 21 stack frames]]>
    </failure>
  </testcase> <!-- validateTitle -->
</testsuite> <!-- Validating title -->
